0 info it worked if it ends with ok
1 verbose cli [ '/Users/torrelocascio/.nvm/versions/node/v7.2.0/bin/node',
1 verbose cli   '/Users/torrelocascio/.nvm/versions/node/v7.2.0/bin/npm',
1 verbose cli   'run',
1 verbose cli   'mon' ]
2 info using npm@3.10.9
3 info using node@v7.2.0
4 verbose config Skipping project config: /Users/torrelocascio/.npmrc. (matches userconfig)
5 verbose stack Error: ENOENT: no such file or directory, open '/Users/torrelocascio/package.json'
6 verbose cwd /Users/torrelocascio/Documents/Torre's Stuff/Computer Programming/ironhack/Personal Projects/promoter-application
7 error Darwin 17.4.0
8 error argv "/Users/torrelocascio/.nvm/versions/node/v7.2.0/bin/node" "/Users/torrelocascio/.nvm/versions/node/v7.2.0/bin/npm" "run" "mon"
9 error node v7.2.0
10 error npm  v3.10.9
11 error path /Users/torrelocascio/package.json
12 error code ENOENT
13 error errno -2
14 error syscall open
15 error enoent ENOENT: no such file or directory, open '/Users/torrelocascio/package.json'
16 error enoent ENOENT: no such file or directory, open '/Users/torrelocascio/package.json'
16 error enoent This is most likely not a problem with npm itself
16 error enoent and is related to npm not being able to find a file.
17 verbose exit [ -2, true ]
